1553178216750	mozrunner::runner	INFO	Running command: "C:\\Program Files\\Firefox Developer Edition\\firefox.exe" "-marionette" "-foreground" "-no-remote" "-profile" "C:\\Users\\NATHAN~1\\AppData\\Local\\Temp\\rust_mozprofile.Lxysf9Y4LRdz"
1553178217015	addons.webextension.screenshots@mozilla.org	WARN	Loading extension 'screenshots@mozilla.org': Reading manifest: Invalid extension permission: mozillaAddons
1553178217015	addons.webextension.screenshots@mozilla.org	WARN	Loading extension 'screenshots@mozilla.org': Reading manifest: Invalid extension permission: resource://pdf.js/
1553178217015	addons.webextension.screenshots@mozilla.org	WARN	Loading extension 'screenshots@mozilla.org': Reading manifest: Invalid extension permission: about:reader*
1553178218929	Marionette	INFO	Listening on port 59815
1553178218970	Marionette	WARN	TLS certificate errors will be ignored for this session
console.error: BroadcastService: 
  receivedBroadcastMessage: handler for
  remote-settings/monitor_changes
  threw error:
  Message: Error: Polling for changes failed: http://%(server)s/dummy/blocklist//buckets/monitor/collections/changes/records?_expected=%221553118552422%22 is not a valid URL..
  Stack:
    remoteSettingsFunction/remoteSettings.pollChanges@resource://services-settings/remote-settings.js:203:13

[Parent 5080, Gecko_IOThread] WARNING: pipe error: 109: file z:/task_1552923856/build/src/ipc/chromium/src/chrome/common/ipc_channel_win.cc, line 341
[Parent 5080, Gecko_IOThread] WARNING: pipe error: 109: file z:/task_1552923856/build/src/ipc/chromium/src/chrome/common/ipc_channel_win.cc, line 341
[Child 18580, Chrome_ChildThread] WARNING: pipe error: [Child 145109: fil84, Chrome_Childe z:/task_1552923856/build/src/ipc/chromium/src/chrome/common/ipc_channel_win.cc, line 341Thread] WA
RNING: pipe error: 109: file z:/task_1552923856/build/src/ipc/chromium/src/chrome/common/ipc_channel_win.cc, line 341
[Child 14584, C[Child 20036, Chrome_ChildThread] WARNING: pipe error: 109: file z:/task_1552923856/build/src/ipc/chromium/src/chrome/common/ipc_channel_win.cc, line 341
[Child 1553178711452	Marionette	INFO	Stopped listening on port 59381
[G
###!!! [Child][MessageChannel::SendAndWait] Error: Channel error: cannot send/recv

cv

Marionette	INFO	Stopped listening on port 59573
[GPU 
###!!! [Child][MessageChannel::SendAndWait] Error: Channel error: cannot send/recv



ges will be lost


###!!! [Child][MessageChannel::SendAndWait] Error: Channel error: cannot send/recv

or: cannot send/recv

ch' request packet to 'server1.conn0.child1/context19' can't be sent as the connection is closed."
[Parent 16692, Gecko_IOThread] WARNING: pipe error: 109: file z:/task_1552923856/build/src/ipc/chromium/src/chrome/common/ipc_channel_win.cc, line 341
[Parent 16692, Gecko_IOThread] WARNING: pipe error: 109: file z:/task_1552923856/build/src/ipc/chromium/src/chrome/common/ipc_channel_win.cc, line 341
[Child 23524, Chrome_ChildThread] WARNING: pipe error: 109: file z:/task_1552923856/build/src/ipc/chromium/src/chrome/common/[Child 2520ipc_channel_0, Chrome_ChildThread] WARNING: pipe error: 109: fwin.cc, line 341
ile z:/t[aCsk_1552923856/build/src/ipc/chromium/src/chrome/common/ipc_channel_win.cc, line 341
[Child 25[Parent 16692, Gecko_IOThread] WARNING: pipe error: 109: file z:/task_1552923856/build/src/ipc/chromium/src/chrome/common/ipc_channel_win.cc, line 341
[Child 24572, Chrome_ChildThread] WARNING: pipe error: 109: file z:/task_1552923856/build/src/ipc/chromium/src/chrome/common/ipc_channel_win.cc, line 341
[Chil1553114488026	Marionette	INFO	Stopped listening on port 54257
[GPU 25724, C
###!!! [Child][RunMessage] Error: Channel closing: too late to send/recv, messages will be lost


###!!! [Child][MessageChannel::SendAndWait] Error: Channel error: cannot send/recv

ll be lost

[Parent 10064, Gecko_IOThread] WARNING: pipe error: 109: file z:/build/build/src/ipc/chromium/src/chrome/common/ipc_channel_win.cc, line 332
[Child 19452, Chrome_ChildThread] WARNING: pipe error: 109: file z:/build/build/src/ipc/chromium/src/chrome/common/ipc_channel_win.cc, line 332
[Child 1553104912793	Marionette	INFO	Stopped listening on port 62530
[
###!!! [Child][MessageChannel::SendAndWait] Error: Channel error: cannot send/recv

